[0.011s] Invoking command in '/home/ndev/luna/ros2_ws/build/teleop': CMAKE_PREFIX_PATH=/opt/ros/foxy CONDA_PROMPT_MODIFIER=(base) /usr/bin/cmake /home/ndev/luna/ros2_ws/src/teleop -DCMAKE_INSTALL_PREFIX=/home/ndev/luna/ros2_ws/install/teleop
[0.092s] -- The C compiler identification is GNU 9.4.0
[0.160s] -- The CXX compiler identification is GNU 9.4.0
[0.171s] -- Check for working C compiler: /usr/bin/cc
[0.296s] -- Check for working C compiler: /usr/bin/cc -- works
[0.299s] -- Detecting C compiler ABI info
[0.400s] -- Detecting C compiler ABI info - done
[0.412s] -- Detecting C compile features
[0.412s] -- Detecting C compile features - done
[0.413s] -- Check for working CXX compiler: /usr/bin/c++
[0.546s] -- Check for working CXX compiler: /usr/bin/c++ -- works
[0.548s] -- Detecting CXX compiler ABI info
[0.672s] -- Detecting CXX compiler ABI info - done
[0.683s] -- Detecting CXX compile features
[0.684s] -- Detecting CXX compile features - done
[0.685s] -- Found ament_cmake: 0.9.12 (/opt/ros/foxy/share/ament_cmake/cmake)
[0.710s] -- Found PythonInterp: /home/ndev/miniconda3/bin/python3 (found suitable version "3.11.5", minimum required is "3") 
[0.710s] -- Using PYTHON_EXECUTABLE: /home/ndev/miniconda3/bin/python3
[0.835s] -- Found rclcpp: 2.4.3 (/opt/ros/foxy/share/rclcpp/cmake)
[0.868s] -- Using all available rosidl_typesupport_c: rosidl_typesupport_fastrtps_c;rosidl_typesupport_introspection_c
[0.872s] -- Found rosidl_adapter: 1.3.1 (/opt/ros/foxy/share/rosidl_adapter/cmake)
[1.018s] -- Found OpenSSL: /usr/lib/x86_64-linux-gnu/libcrypto.so (found version "1.1.1f")  
[1.047s] -- Found FastRTPS: /opt/ros/foxy/include  
[1.111s] -- Using all available rosidl_typesupport_cpp: rosidl_typesupport_fastrtps_cpp;rosidl_typesupport_introspection_cpp
[1.149s] -- Found rmw_implementation_cmake: 1.0.4 (/opt/ros/foxy/share/rmw_implementation_cmake/cmake)
[1.150s] -- Using RMW implementation 'rmw_fastrtps_cpp' as default
[1.151s] -- Looking for pthread.h
[1.272s] -- Looking for pthread.h - found
[1.272s] -- Performing Test CMAKE_HAVE_LIBC_PTHREAD
[1.388s] -- Performing Test CMAKE_HAVE_LIBC_PTHREAD - Failed
[1.389s] -- Looking for pthread_create in pthreads
[1.504s] -- Looking for pthread_create in pthreads - not found
[1.504s] -- Looking for pthread_create in pthread
[1.615s] -- Looking for pthread_create in pthread - found
[1.618s] -- Found Threads: TRUE  
[1.727s] -- Found sensor_msgs: 2.0.5 (/opt/ros/foxy/share/sensor_msgs/cmake)
[1.806s] -- Found teleop_twist_joy: 2.4.3 (/opt/ros/foxy/share/teleop_twist_joy/cmake)
[1.807s] -- Found joy: 3.0.1 (/opt/ros/foxy/share/joy/cmake)
[1.808s] -- Found ament_lint_auto: 0.9.8 (/opt/ros/foxy/share/ament_lint_auto/cmake)
[1.831s] Traceback (most recent call last):
[1.832s]   File "/opt/ros/foxy/share/ament_cmake_core/cmake/core/package_xml_2_cmake.py", line 21, in <module>
[1.832s]     from catkin_pkg.package import parse_package_string
[1.832s] ModuleNotFoundError: No module named 'catkin_pkg'
[1.834s] CMake Error at /opt/ros/foxy/share/ament_cmake_core/cmake/core/ament_package_xml.cmake:94 (message):
[1.834s]   execute_process(/home/ndev/miniconda3/bin/python3
[1.834s]   /opt/ros/foxy/share/ament_cmake_core/cmake/core/package_xml_2_cmake.py
[1.834s]   /home/ndev/luna/ros2_ws/src/teleop/package.xml
[1.834s]   /home/ndev/luna/ros2_ws/build/teleop/ament_cmake_core/package.cmake)
[1.834s]   returned error code 1
[1.834s] Call Stack (most recent call first):
[1.834s]   /opt/ros/foxy/share/ament_cmake_core/cmake/core/ament_package_xml.cmake:49 (_ament_package_xml)
[1.834s]   /opt/ros/foxy/share/ament_lint_auto/cmake/ament_lint_auto_find_test_dependencies.cmake:31 (ament_package_xml)
[1.834s]   CMakeLists.txt:34 (ament_lint_auto_find_test_dependencies)
[1.834s] 
[1.834s] 
[1.838s] -- Configuring incomplete, errors occurred!
[1.839s] See also "/home/ndev/luna/ros2_ws/build/teleop/CMakeFiles/CMakeOutput.log".
[1.839s] See also "/home/ndev/luna/ros2_ws/build/teleop/CMakeFiles/CMakeError.log".
[1.850s] Invoked command in '/home/ndev/luna/ros2_ws/build/teleop' returned '1': CMAKE_PREFIX_PATH=/opt/ros/foxy CONDA_PROMPT_MODIFIER=(base) /usr/bin/cmake /home/ndev/luna/ros2_ws/src/teleop -DCMAKE_INSTALL_PREFIX=/home/ndev/luna/ros2_ws/install/teleop
