[0.021s] Invoking command in '/home/ndev/luna/build/teleop': CMAKE_PREFIX_PATH=${CMAKE_PREFIX_PATH}:/opt/ros/foxy CONDA_PROMPT_MODIFIER=(base) /usr/bin/cmake /home/ndev/luna/ros2_ws/src/teleop -DAMENT_CMAKE_SYMLINK_INSTALL=1 -DCMAKE_INSTALL_PREFIX=/home/ndev/luna/install/teleop
[0.131s] -- The C compiler identification is GNU 9.4.0
[0.237s] -- The CXX compiler identification is GNU 9.4.0
[0.244s] -- Check for working C compiler: /usr/bin/cc
[0.339s] -- Check for working C compiler: /usr/bin/cc -- works
[0.342s] -- Detecting C compiler ABI info
[0.435s] -- Detecting C compiler ABI info - done
[0.443s] -- Detecting C compile features
[0.443s] -- Detecting C compile features - done
[0.446s] -- Check for working CXX compiler: /usr/bin/c++
[0.562s] -- Check for working CXX compiler: /usr/bin/c++ -- works
[0.564s] -- Detecting CXX compiler ABI info
[0.661s] -- Detecting CXX compiler ABI info - done
[0.673s] -- Detecting CXX compile features
[0.674s] -- Detecting CXX compile features - done
[0.677s] -- Found ament_cmake: 0.9.12 (/opt/ros/foxy/share/ament_cmake/cmake)
[0.705s] -- Found PythonInterp: /home/ndev/miniconda3/bin/python3 (found suitable version "3.11.5", minimum required is "3") 
[0.705s] -- Using PYTHON_EXECUTABLE: /home/ndev/miniconda3/bin/python3
[0.876s] -- Override CMake install command with custom implementation using symlinks instead of copying resources
[0.908s] -- Found rclcpp: 2.4.3 (/opt/ros/foxy/share/rclcpp/cmake)
[0.955s] -- Using all available rosidl_typesupport_c: rosidl_typesupport_fastrtps_c;rosidl_typesupport_introspection_c
[0.961s] -- Found rosidl_adapter: 1.3.1 (/opt/ros/foxy/share/rosidl_adapter/cmake)
[1.080s] -- Found OpenSSL: /usr/lib/x86_64-linux-gnu/libcrypto.so (found version "1.1.1f")  
[1.111s] -- Found FastRTPS: /opt/ros/foxy/include  
[1.183s] -- Using all available rosidl_typesupport_cpp: rosidl_typesupport_fastrtps_cpp;rosidl_typesupport_introspection_cpp
[1.235s] -- Found rmw_implementation_cmake: 1.0.4 (/opt/ros/foxy/share/rmw_implementation_cmake/cmake)
[1.236s] -- Using RMW implementation 'rmw_cyclonedds_cpp' as default
[1.238s] -- Looking for pthread.h
[1.319s] -- Looking for pthread.h - found
[1.319s] -- Performing Test CMAKE_HAVE_LIBC_PTHREAD
[1.409s] -- Performing Test CMAKE_HAVE_LIBC_PTHREAD - Failed
[1.410s] -- Looking for pthread_create in pthreads
[1.502s] -- Looking for pthread_create in pthreads - not found
[1.503s] -- Looking for pthread_create in pthread
[1.615s] -- Looking for pthread_create in pthread - found
[1.615s] -- Found Threads: TRUE  
[1.731s] -- Found sensor_msgs: 2.0.5 (/opt/ros/foxy/share/sensor_msgs/cmake)
[1.810s] -- Found teleop_twist_joy: 2.4.3 (/opt/ros/foxy/share/teleop_twist_joy/cmake)
[1.812s] -- Found joy: 3.0.1 (/opt/ros/foxy/share/joy/cmake)
[1.814s] -- Found ament_lint_auto: 0.9.8 (/opt/ros/foxy/share/ament_lint_auto/cmake)
[1.912s] -- Added test 'copyright' to check source files copyright and LICENSE
[1.913s] -- Added test 'flake8' to check Python code syntax and style conventions
[1.914s] -- Added test 'lint_cmake' to check CMake code style
[1.914s] -- Added test 'pep257' to check Python code against some of the style conventions in PEP 257
[1.915s] -- Added test 'xmllint' to check XML markup files
[1.919s] -- Configuring done
[1.922s] -- Generating done
[1.923s] -- Build files have been written to: /home/ndev/luna/build/teleop
