[0.012s] Invoking command in '/home/ndev/luna/ros2_ws/build/teleop': CMAKE_PREFIX_PATH=/opt/ros/foxy CONDA_PROMPT_MODIFIER=(base) /usr/bin/cmake --build /home/ndev/luna/ros2_ws/build/teleop -- -j16 -l16
[0.049s] -- Found ament_cmake: 0.9.12 (/opt/ros/foxy/share/ament_cmake/cmake)
[0.070s] -- Using PYTHON_EXECUTABLE: /home/ndev/miniconda3/bin/python3
[0.195s] -- Found rclcpp: 2.4.3 (/opt/ros/foxy/share/rclcpp/cmake)
[0.220s] -- Using all available rosidl_typesupport_c: rosidl_typesupport_fastrtps_c;rosidl_typesupport_introspection_c
[0.222s] -- Found rosidl_adapter: 1.3.1 (/opt/ros/foxy/share/rosidl_adapter/cmake)
[0.324s] -- Using all available rosidl_typesupport_cpp: rosidl_typesupport_fastrtps_cpp;rosidl_typesupport_introspection_cpp
[0.360s] -- Found rmw_implementation_cmake: 1.0.4 (/opt/ros/foxy/share/rmw_implementation_cmake/cmake)
[0.361s] -- Using RMW implementation 'rmw_fastrtps_cpp' as default
[0.456s] -- Found sensor_msgs: 2.0.5 (/opt/ros/foxy/share/sensor_msgs/cmake)
[0.531s] -- Found teleop_twist_joy: 2.4.3 (/opt/ros/foxy/share/teleop_twist_joy/cmake)
[0.532s] -- Found joy: 3.0.1 (/opt/ros/foxy/share/joy/cmake)
[0.532s] -- Found ament_lint_auto: 0.9.8 (/opt/ros/foxy/share/ament_lint_auto/cmake)
[0.601s] -- Added test 'copyright' to check source files copyright and LICENSE
[0.603s] -- Added test 'flake8' to check Python code syntax and style conventions
[0.603s] -- Added test 'lint_cmake' to check CMake code style
[0.603s] -- Added test 'pep257' to check Python code against some of the style conventions in PEP 257
[0.604s] -- Added test 'xmllint' to check XML markup files
[0.607s] -- Configuring done
[0.609s] -- Generating done
[0.610s] -- Build files have been written to: /home/ndev/luna/ros2_ws/build/teleop
[0.652s] Invoked command in '/home/ndev/luna/ros2_ws/build/teleop' returned '0': CMAKE_PREFIX_PATH=/opt/ros/foxy CONDA_PROMPT_MODIFIER=(base) /usr/bin/cmake --build /home/ndev/luna/ros2_ws/build/teleop -- -j16 -l16
[0.710s] Invoking command in '/home/ndev/luna/ros2_ws/build/teleop': CMAKE_PREFIX_PATH=/opt/ros/foxy CONDA_PROMPT_MODIFIER=(base) /usr/bin/cmake --install /home/ndev/luna/ros2_ws/build/teleop
[0.717s] -- Install configuration: ""
[0.717s] -- Installing: /home/ndev/luna/ros2_ws/install/teleop/share/teleop//launch
[0.717s] -- Installing: /home/ndev/luna/ros2_ws/install/teleop/share/teleop//launch/teleop_launch.py
[0.718s] -- Up-to-date: /home/ndev/luna/ros2_ws/install/teleop/share/ament_index/resource_index/package_run_dependencies/teleop
[0.718s] -- Up-to-date: /home/ndev/luna/ros2_ws/install/teleop/share/ament_index/resource_index/parent_prefix_path/teleop
[0.718s] -- Up-to-date: /home/ndev/luna/ros2_ws/install/teleop/share/teleop/environment/ament_prefix_path.sh
[0.718s] -- Installing: /home/ndev/luna/ros2_ws/install/teleop/share/teleop/environment/ament_prefix_path.dsv
[0.718s] -- Up-to-date: /home/ndev/luna/ros2_ws/install/teleop/share/teleop/environment/path.sh
[0.718s] -- Installing: /home/ndev/luna/ros2_ws/install/teleop/share/teleop/environment/path.dsv
[0.718s] -- Up-to-date: /home/ndev/luna/ros2_ws/install/teleop/share/teleop/local_setup.bash
[0.718s] -- Up-to-date: /home/ndev/luna/ros2_ws/install/teleop/share/teleop/local_setup.sh
[0.718s] -- Up-to-date: /home/ndev/luna/ros2_ws/install/teleop/share/teleop/local_setup.zsh
[0.718s] -- Installing: /home/ndev/luna/ros2_ws/install/teleop/share/teleop/local_setup.dsv
[0.718s] -- Installing: /home/ndev/luna/ros2_ws/install/teleop/share/teleop/package.dsv
[0.718s] -- Up-to-date: /home/ndev/luna/ros2_ws/install/teleop/share/ament_index/resource_index/packages/teleop
[0.718s] -- Up-to-date: /home/ndev/luna/ros2_ws/install/teleop/share/teleop/cmake/teleopConfig.cmake
[0.719s] -- Up-to-date: /home/ndev/luna/ros2_ws/install/teleop/share/teleop/cmake/teleopConfig-version.cmake
[0.719s] -- Up-to-date: /home/ndev/luna/ros2_ws/install/teleop/share/teleop/package.xml
[0.720s] Invoked command in '/home/ndev/luna/ros2_ws/build/teleop' returned '0': CMAKE_PREFIX_PATH=/opt/ros/foxy CONDA_PROMPT_MODIFIER=(base) /usr/bin/cmake --install /home/ndev/luna/ros2_ws/build/teleop
