[0.010s] Invoking command in '/home/ndev/luna/ros2_ws/build/teleop': CMAKE_PREFIX_PATH=${CMAKE_PREFIX_PATH}:/opt/ros/foxy CONDA_PROMPT_MODIFIER=(base) /usr/bin/cmake --build /home/ndev/luna/ros2_ws/build/teleop -- -j16 -l16
[0.055s] Invoked command in '/home/ndev/luna/ros2_ws/build/teleop' returned '0': CMAKE_PREFIX_PATH=${CMAKE_PREFIX_PATH}:/opt/ros/foxy CONDA_PROMPT_MODIFIER=(base) /usr/bin/cmake --build /home/ndev/luna/ros2_ws/build/teleop -- -j16 -l16
[0.106s] Invoking command in '/home/ndev/luna/ros2_ws/build/teleop': CMAKE_PREFIX_PATH=${CMAKE_PREFIX_PATH}:/opt/ros/foxy CONDA_PROMPT_MODIFIER=(base) /usr/bin/cmake --install /home/ndev/luna/ros2_ws/build/teleop
[0.122s] -- Install configuration: ""
[0.122s] -- Up-to-date: /home/ndev/luna/ros2_ws/install/teleop/share/teleop//launch
[0.122s] -- Installing: /home/ndev/luna/ros2_ws/install/teleop/share/teleop//launch/teleop_launch.py
[0.122s] -- Up-to-date: /home/ndev/luna/ros2_ws/install/teleop/share/ament_index/resource_index/package_run_dependencies/teleop
[0.122s] -- Up-to-date: /home/ndev/luna/ros2_ws/install/teleop/share/ament_index/resource_index/parent_prefix_path/teleop
[0.122s] -- Up-to-date: /home/ndev/luna/ros2_ws/install/teleop/share/teleop/environment/ament_prefix_path.sh
[0.122s] -- Up-to-date: /home/ndev/luna/ros2_ws/install/teleop/share/teleop/environment/ament_prefix_path.dsv
[0.122s] -- Up-to-date: /home/ndev/luna/ros2_ws/install/teleop/share/teleop/environment/path.sh
[0.122s] -- Up-to-date: /home/ndev/luna/ros2_ws/install/teleop/share/teleop/environment/path.dsv
[0.122s] -- Up-to-date: /home/ndev/luna/ros2_ws/install/teleop/share/teleop/local_setup.bash
[0.122s] -- Up-to-date: /home/ndev/luna/ros2_ws/install/teleop/share/teleop/local_setup.sh
[0.123s] -- Up-to-date: /home/ndev/luna/ros2_ws/install/teleop/share/teleop/local_setup.zsh
[0.123s] -- Up-to-date: /home/ndev/luna/ros2_ws/install/teleop/share/teleop/local_setup.dsv
[0.123s] -- Installing: /home/ndev/luna/ros2_ws/install/teleop/share/teleop/package.dsv
[0.123s] -- Up-to-date: /home/ndev/luna/ros2_ws/install/teleop/share/ament_index/resource_index/packages/teleop
[0.123s] -- Up-to-date: /home/ndev/luna/ros2_ws/install/teleop/share/teleop/cmake/teleopConfig.cmake
[0.123s] -- Up-to-date: /home/ndev/luna/ros2_ws/install/teleop/share/teleop/cmake/teleopConfig-version.cmake
[0.123s] -- Up-to-date: /home/ndev/luna/ros2_ws/install/teleop/share/teleop/package.xml
[0.124s] Invoked command in '/home/ndev/luna/ros2_ws/build/teleop' returned '0': CMAKE_PREFIX_PATH=${CMAKE_PREFIX_PATH}:/opt/ros/foxy CONDA_PROMPT_MODIFIER=(base) /usr/bin/cmake --install /home/ndev/luna/ros2_ws/build/teleop
