[0.011s] Invoking command in '/home/ndev/luna/ros2_ws/build/teleop': CMAKE_PREFIX_PATH=/opt/ros/foxy CONDA_PROMPT_MODIFIER=(base) /usr/bin/cmake /home/ndev/luna/ros2_ws/src/teleop -DCMAKE_INSTALL_PREFIX=/home/ndev/luna/ros2_ws/install/teleop
[0.025s] -- Found ament_cmake: 0.9.12 (/opt/ros/foxy/share/ament_cmake/cmake)
[0.045s] -- Using PYTHON_EXECUTABLE: /home/ndev/miniconda3/bin/python3
[0.158s] -- Found rclcpp: 2.4.3 (/opt/ros/foxy/share/rclcpp/cmake)
[0.183s] -- Using all available rosidl_typesupport_c: rosidl_typesupport_fastrtps_c;rosidl_typesupport_introspection_c
[0.185s] -- Found rosidl_adapter: 1.3.1 (/opt/ros/foxy/share/rosidl_adapter/cmake)
[0.289s] -- Using all available rosidl_typesupport_cpp: rosidl_typesupport_fastrtps_cpp;rosidl_typesupport_introspection_cpp
[0.327s] -- Found rmw_implementation_cmake: 1.0.4 (/opt/ros/foxy/share/rmw_implementation_cmake/cmake)
[0.327s] -- Using RMW implementation 'rmw_fastrtps_cpp' as default
[0.431s] -- Found sensor_msgs: 2.0.5 (/opt/ros/foxy/share/sensor_msgs/cmake)
[0.506s] -- Found teleop_twist_joy: 2.4.3 (/opt/ros/foxy/share/teleop_twist_joy/cmake)
[0.507s] -- Found joy: 3.0.1 (/opt/ros/foxy/share/joy/cmake)
[0.507s] -- Found ament_lint_auto: 0.9.8 (/opt/ros/foxy/share/ament_lint_auto/cmake)
[0.610s] -- Added test 'copyright' to check source files copyright and LICENSE
[0.611s] -- Added test 'flake8' to check Python code syntax and style conventions
[0.612s] -- Added test 'lint_cmake' to check CMake code style
[0.612s] -- Added test 'pep257' to check Python code against some of the style conventions in PEP 257
[0.613s] -- Added test 'xmllint' to check XML markup files
[0.617s] -- Configuring done
[0.619s] -- Generating done
[0.619s] -- Build files have been written to: /home/ndev/luna/ros2_ws/build/teleop
[0.627s] Invoked command in '/home/ndev/luna/ros2_ws/build/teleop' returned '0': CMAKE_PREFIX_PATH=/opt/ros/foxy CONDA_PROMPT_MODIFIER=(base) /usr/bin/cmake /home/ndev/luna/ros2_ws/src/teleop -DCMAKE_INSTALL_PREFIX=/home/ndev/luna/ros2_ws/install/teleop
[0.633s] Invoking command in '/home/ndev/luna/ros2_ws/build/teleop': CMAKE_PREFIX_PATH=/opt/ros/foxy CONDA_PROMPT_MODIFIER=(base) /usr/bin/cmake --build /home/ndev/luna/ros2_ws/build/teleop -- -j16 -l16
[0.700s] Invoked command in '/home/ndev/luna/ros2_ws/build/teleop' returned '0': CMAKE_PREFIX_PATH=/opt/ros/foxy CONDA_PROMPT_MODIFIER=(base) /usr/bin/cmake --build /home/ndev/luna/ros2_ws/build/teleop -- -j16 -l16
[0.765s] Invoking command in '/home/ndev/luna/ros2_ws/build/teleop': CMAKE_PREFIX_PATH=/opt/ros/foxy CONDA_PROMPT_MODIFIER=(base) /usr/bin/cmake --install /home/ndev/luna/ros2_ws/build/teleop
[0.772s] -- Install configuration: ""
[0.772s] -- Installing: /home/ndev/luna/ros2_ws/install/teleop/share/ament_index/resource_index/package_run_dependencies/teleop
[0.772s] -- Installing: /home/ndev/luna/ros2_ws/install/teleop/share/ament_index/resource_index/parent_prefix_path/teleop
[0.772s] -- Installing: /home/ndev/luna/ros2_ws/install/teleop/share/teleop/environment/ament_prefix_path.sh
[0.773s] -- Installing: /home/ndev/luna/ros2_ws/install/teleop/share/teleop/environment/ament_prefix_path.dsv
[0.773s] -- Installing: /home/ndev/luna/ros2_ws/install/teleop/share/teleop/environment/path.sh
[0.773s] -- Installing: /home/ndev/luna/ros2_ws/install/teleop/share/teleop/environment/path.dsv
[0.773s] -- Installing: /home/ndev/luna/ros2_ws/install/teleop/share/teleop/local_setup.bash
[0.773s] -- Installing: /home/ndev/luna/ros2_ws/install/teleop/share/teleop/local_setup.sh
[0.773s] -- Installing: /home/ndev/luna/ros2_ws/install/teleop/share/teleop/local_setup.zsh
[0.773s] -- Installing: /home/ndev/luna/ros2_ws/install/teleop/share/teleop/local_setup.dsv
[0.773s] -- Installing: /home/ndev/luna/ros2_ws/install/teleop/share/teleop/package.dsv
[0.774s] -- Installing: /home/ndev/luna/ros2_ws/install/teleop/share/ament_index/resource_index/packages/teleop
[0.774s] -- Installing: /home/ndev/luna/ros2_ws/install/teleop/share/teleop/cmake/teleopConfig.cmake
[0.774s] -- Installing: /home/ndev/luna/ros2_ws/install/teleop/share/teleop/cmake/teleopConfig-version.cmake
[0.774s] -- Installing: /home/ndev/luna/ros2_ws/install/teleop/share/teleop/package.xml
[0.776s] Invoked command in '/home/ndev/luna/ros2_ws/build/teleop' returned '0': CMAKE_PREFIX_PATH=/opt/ros/foxy CONDA_PROMPT_MODIFIER=(base) /usr/bin/cmake --install /home/ndev/luna/ros2_ws/build/teleop
